2006-04-04 20:01:12 cat: Connect, proto: firebird-1.5, msg: CONNECT TO "D:\ProgramaÁ„o\NovaGeraÁ„o\dados\MCLocadora.fbd" AS USER "sysdba"
2006-04-04 20:01:12 cat: Transaction, proto: firebird-1.5, msg: TRANSACTION STARTED.
2006-04-04 20:01:12 cat: Transaction, proto: firebird-1.5, msg: COMMITT TRANSACTION "D:\ProgramaÁ„o\NovaGeraÁ„o\dados\MCLocadora.fbd"
2006-04-04 20:01:12 cat: Connect, proto: firebird-1.5, msg: DISCONNECT FROM "D:\ProgramaÁ„o\NovaGeraÁ„o\dados\MCLocadora.fbd"
2006-04-04 20:01:12 cat: Connect, proto: firebird-1.5, msg: CONNECT TO "D:\ProgramaÁ„o\NovaGeraÁ„o\dados\MCLocadora.fbd" AS USER "sysdba"
2006-04-04 20:01:12 cat: Transaction, proto: firebird-1.5, msg: TRANSACTION STARTED.
2006-04-04 20:01:12 cat: Execute, proto: firebird-1.5, msg: SELECT  * FROM tbdesccaixa

2006-04-04 20:01:12 cat: Execute, proto: firebird-1.5, msg:  SELECT a.RDB$RELATION_NAME, a.RDB$FIELD_NAME, a.RDB$FIELD_POSITION, a.RDB$NULL_FLAG, a.RDB$DEFAULT_VALUE, b. RDB$FIELD_LENGTH, b.RDB$FIELD_SCALE, c.RDB$TYPE_NAME, b.RDB$FIELD_TYPE, b.RDB$FIELD_SUB_TYPE, b.RDB$DESCRIPTION, b.RDB$CHARACTER_LENGTH, b.RDB$FIELD_PRECISION, a.RDB$DEFAULT_SOURCE, b.RDB$DEFAULT_SOURCE as RDB$DEFAULT_SOURCE_DOMAIN FROM RDB$RELATION_FIELDS a JOIN RDB$FIELDS b ON (b.RDB$FIELD_NAME = a.RDB$FIELD_SOURCE) LEFT JOIN RDB$TYPES c ON (b.RDB$FIELD_TYPE = c.RDB$TYPE and c.RDB$FIELD_NAME = 'RDB$FIELD_TYPE') WHERE a.RDB$RELATION_NAME = 'TBDESCCAIXA' ORDER BY a.RDB$RELATION_NAME, a.RDB$FIELD_POSITION
2006-04-04 20:01:12 cat: Execute, proto: firebird-1.5, msg: SELECT
  C.CODCLIENTE, P.NOME, CI.NOME AS CI_NOME, CODUF, P.ENDERECO, P.BAIRRO, P.TEL, P.CPFCNPJ, P.EMAIL, P.WEB,
  S.CHAVE, S.DATACADASTRO
FROM TBCLIENTE C, TBPESSOA P , TBCIDADE CI, TBSERIAL S
WHERE P.CODPESSOA=C.CODPESSOA AND C.EMPRESA='Sim'
AND P.CODCIDRESID=CI.CODCIDADE
AND S.CODEMPRESA=C.CODCLIENTE

2006-04-04 20:01:12 cat: Execute, proto: firebird-1.5, msg:  SELECT a.RDB$RELATION_NAME, a.RDB$FIELD_NAME, a.RDB$FIELD_POSITION, a.RDB$NULL_FLAG, a.RDB$DEFAULT_VALUE, b. RDB$FIELD_LENGTH, b.RDB$FIELD_SCALE, c.RDB$TYPE_NAME, b.RDB$FIELD_TYPE, b.RDB$FIELD_SUB_TYPE, b.RDB$DESCRIPTION, b.RDB$CHARACTER_LENGTH, b.RDB$FIELD_PRECISION, a.RDB$DEFAULT_SOURCE, b.RDB$DEFAULT_SOURCE as RDB$DEFAULT_SOURCE_DOMAIN FROM RDB$RELATION_FIELDS a JOIN RDB$FIELDS b ON (b.RDB$FIELD_NAME = a.RDB$FIELD_SOURCE) LEFT JOIN RDB$TYPES c ON (b.RDB$FIELD_TYPE = c.RDB$TYPE and c.RDB$FIELD_NAME = 'RDB$FIELD_TYPE') WHERE a.RDB$RELATION_NAME = 'TBCLIENTE' ORDER BY a.RDB$RELATION_NAME, a.RDB$FIELD_POSITION
2006-04-04 20:01:12 cat: Execute, proto: firebird-1.5, msg:  SELECT a.RDB$RELATION_NAME, a.RDB$FIELD_NAME, a.RDB$FIELD_POSITION, a.RDB$NULL_FLAG, a.RDB$DEFAULT_VALUE, b. RDB$FIELD_LENGTH, b.RDB$FIELD_SCALE, c.RDB$TYPE_NAME, b.RDB$FIELD_TYPE, b.RDB$FIELD_SUB_TYPE, b.RDB$DESCRIPTION, b.RDB$CHARACTER_LENGTH, b.RDB$FIELD_PRECISION, a.RDB$DEFAULT_SOURCE, b.RDB$DEFAULT_SOURCE as RDB$DEFAULT_SOURCE_DOMAIN FROM RDB$RELATION_FIELDS a JOIN RDB$FIELDS b ON (b.RDB$FIELD_NAME = a.RDB$FIELD_SOURCE) LEFT JOIN RDB$TYPES c ON (b.RDB$FIELD_TYPE = c.RDB$TYPE and c.RDB$FIELD_NAME = 'RDB$FIELD_TYPE') WHERE a.RDB$RELATION_NAME = 'TBPESSOA' ORDER BY a.RDB$RELATION_NAME, a.RDB$FIELD_POSITION
2006-04-04 20:01:12 cat: Execute, proto: firebird-1.5, msg:  SELECT a.RDB$RELATION_NAME, a.RDB$FIELD_NAME, a.RDB$FIELD_POSITION, a.RDB$NULL_FLAG, a.RDB$DEFAULT_VALUE, b. RDB$FIELD_LENGTH, b.RDB$FIELD_SCALE, c.RDB$TYPE_NAME, b.RDB$FIELD_TYPE, b.RDB$FIELD_SUB_TYPE, b.RDB$DESCRIPTION, b.RDB$CHARACTER_LENGTH, b.RDB$FIELD_PRECISION, a.RDB$DEFAULT_SOURCE, b.RDB$DEFAULT_SOURCE as RDB$DEFAULT_SOURCE_DOMAIN FROM RDB$RELATION_FIELDS a JOIN RDB$FIELDS b ON (b.RDB$FIELD_NAME = a.RDB$FIELD_SOURCE) LEFT JOIN RDB$TYPES c ON (b.RDB$FIELD_TYPE = c.RDB$TYPE and c.RDB$FIELD_NAME = 'RDB$FIELD_TYPE') WHERE a.RDB$RELATION_NAME = 'TBCIDADE' ORDER BY a.RDB$RELATION_NAME, a.RDB$FIELD_POSITION
2006-04-04 20:01:12 cat: Execute, proto: firebird-1.5, msg:  SELECT a.RDB$RELATION_NAME, a.RDB$FIELD_NAME, a.RDB$FIELD_POSITION, a.RDB$NULL_FLAG, a.RDB$DEFAULT_VALUE, b. RDB$FIELD_LENGTH, b.RDB$FIELD_SCALE, c.RDB$TYPE_NAME, b.RDB$FIELD_TYPE, b.RDB$FIELD_SUB_TYPE, b.RDB$DESCRIPTION, b.RDB$CHARACTER_LENGTH, b.RDB$FIELD_PRECISION, a.RDB$DEFAULT_SOURCE, b.RDB$DEFAULT_SOURCE as RDB$DEFAULT_SOURCE_DOMAIN FROM RDB$RELATION_FIELDS a JOIN RDB$FIELDS b ON (b.RDB$FIELD_NAME = a.RDB$FIELD_SOURCE) LEFT JOIN RDB$TYPES c ON (b.RDB$FIELD_TYPE = c.RDB$TYPE and c.RDB$FIELD_NAME = 'RDB$FIELD_TYPE') WHERE a.RDB$RELATION_NAME = 'TBSERIAL' ORDER BY a.RDB$RELATION_NAME, a.RDB$FIELD_POSITION
2006-04-04 20:01:15 cat: Transaction, proto: firebird-1.5, msg: TRANSACTION COMMIT
2006-04-04 20:01:15 cat: Execute, proto: firebird-1.5, msg: SELECT U.CODUSUARIO, LOGIN, SENHA, ULTIMASENHA, DATAEXPIRACAO, ATIVO,P.NOME FROM TBUSUARIO U, TBPESSOA P WHERE P.CODPESSOA=U.CODPESSOA AND ATIVO = 'Sim' AND Senha='ùûü†' AND Login='Administrador'

2006-04-04 20:01:15 cat: Execute, proto: firebird-1.5, msg: SELECT U.CODUSUARIO, LOGIN, SENHA, ULTIMASENHA, DATAEXPIRACAO, ATIVO,P.NOME FROM TBUSUARIO U, TBPESSOA P WHERE P.CODPESSOA=U.CODPESSOA AND ATIVO = 'Sim' AND Senha='ùûü†' AND Login='Administrador'

2006-04-04 20:01:15 cat: Execute, proto: firebird-1.5, msg:  SELECT a.RDB$RELATION_NAME, a.RDB$FIELD_NAME, a.RDB$FIELD_POSITION, a.RDB$NULL_FLAG, a.RDB$DEFAULT_VALUE, b. RDB$FIELD_LENGTH, b.RDB$FIELD_SCALE, c.RDB$TYPE_NAME, b.RDB$FIELD_TYPE, b.RDB$FIELD_SUB_TYPE, b.RDB$DESCRIPTION, b.RDB$CHARACTER_LENGTH, b.RDB$FIELD_PRECISION, a.RDB$DEFAULT_SOURCE, b.RDB$DEFAULT_SOURCE as RDB$DEFAULT_SOURCE_DOMAIN FROM RDB$RELATION_FIELDS a JOIN RDB$FIELDS b ON (b.RDB$FIELD_NAME = a.RDB$FIELD_SOURCE) LEFT JOIN RDB$TYPES c ON (b.RDB$FIELD_TYPE = c.RDB$TYPE and c.RDB$FIELD_NAME = 'RDB$FIELD_TYPE') WHERE a.RDB$RELATION_NAME = 'TBUSUARIO' ORDER BY a.RDB$RELATION_NAME, a.RDB$FIELD_POSITION
2006-04-04 20:01:18 cat: Transaction, proto: firebird-1.5, msg: COMMITT TRANSACTION "D:\ProgramaÁ„o\NovaGeraÁ„o\dados\MCLocadora.fbd"
2006-04-04 20:01:18 cat: Connect, proto: firebird-1.5, msg: DISCONNECT FROM "D:\ProgramaÁ„o\NovaGeraÁ„o\dados\MCLocadora.fbd"
2006-04-04 20:01:18 cat: Connect, proto: firebird-1.5, msg: CONNECT TO "D:\ProgramaÁ„o\NovaGeraÁ„o\dados\MCLocadora.fbd" AS USER "sysdba"
2006-04-04 20:01:18 cat: Transaction, proto: firebird-1.5, msg: TRANSACTION STARTED.
2006-04-04 20:01:18 cat: Execute, proto: firebird-1.5, msg: SELECT SOMENTELEITURA, INSERIR, ALTERAR, IMPRIMIR, EXCLUIR FROM TBGRUPOINTERFACE GI, TBGRUPOUSUARIO GU, TBUSUARIOGRUPO UG WHERE GI.CODGRUPOUSUARIO=GU.CODGRUPOUSUARIO AND UG.CODGRUPOUSUARIO = GU.CODGRUPOUSUARIO AND GI.NOME=? AND UG.CODUSUARIO=?
2006-04-04 20:01:18 cat: Execute, proto: firebird-1.5, msg:  SELECT a.RDB$RELATION_NAME, a.RDB$FIELD_NAME, a.RDB$FIELD_POSITION, a.RDB$NULL_FLAG, a.RDB$DEFAULT_VALUE, b. RDB$FIELD_LENGTH, b.RDB$FIELD_SCALE, c.RDB$TYPE_NAME, b.RDB$FIELD_TYPE, b.RDB$FIELD_SUB_TYPE, b.RDB$DESCRIPTION, b.RDB$CHARACTER_LENGTH, b.RDB$FIELD_PRECISION, a.RDB$DEFAULT_SOURCE, b.RDB$DEFAULT_SOURCE as RDB$DEFAULT_SOURCE_DOMAIN FROM RDB$RELATION_FIELDS a JOIN RDB$FIELDS b ON (b.RDB$FIELD_NAME = a.RDB$FIELD_SOURCE) LEFT JOIN RDB$TYPES c ON (b.RDB$FIELD_TYPE = c.RDB$TYPE and c.RDB$FIELD_NAME = 'RDB$FIELD_TYPE') WHERE a.RDB$RELATION_NAME = 'TBGRUPOINTERFACE' ORDER BY a.RDB$RELATION_NAME, a.RDB$FIELD_POSITION
2006-04-04 20:01:18 cat: Execute, proto: firebird-1.5, msg: SELECT
    P.CODPESSOA, C.CODCLIENTE, ENDERECO, COMPLEMENTO, BAIRRO, TEL, CEL, CEP, P.NOME AS P_NOME, TIPOPESSOA, CPFCNPJ, EMAIL, WEB,
    DATACADASTRO, RG, DATANASCIMENTO, SEXO, TELRAMAL, N.NOME AS N_NOME, DEFICIECIA, ESTADOCIVIL, APELIDO, TITULAR,
    ATIVO, CID.NOME AS CID_NOME, CID.CODUF, C.CODTITULAR, FOTO
FROM TBPESSOA P, TBCLIENTE C, TBCIDADE N, TBCIDADE CID
WHERE C.CODPESSOA=P.CODPESSOA AND N.CODCIDADE=P.CODCIDADENACIMENTO
AND CID.CODCIDADE=CODCIDRESID AND C.EMPRESA='N„o' AND CODCLIENTE<>1
AND ATIVO='Sim'
ORDER BY P.NOME

2006-04-04 20:01:18 cat: Execute, proto: firebird-1.5, msg:  SELECT a.RDB$RELATION_NAME, a.RDB$FIELD_NAME, a.RDB$FIELD_POSITION, a.RDB$NULL_FLAG, a.RDB$DEFAULT_VALUE, b. RDB$FIELD_LENGTH, b.RDB$FIELD_SCALE, c.RDB$TYPE_NAME, b.RDB$FIELD_TYPE, b.RDB$FIELD_SUB_TYPE, b.RDB$DESCRIPTION, b.RDB$CHARACTER_LENGTH, b.RDB$FIELD_PRECISION, a.RDB$DEFAULT_SOURCE, b.RDB$DEFAULT_SOURCE as RDB$DEFAULT_SOURCE_DOMAIN FROM RDB$RELATION_FIELDS a JOIN RDB$FIELDS b ON (b.RDB$FIELD_NAME = a.RDB$FIELD_SOURCE) LEFT JOIN RDB$TYPES c ON (b.RDB$FIELD_TYPE = c.RDB$TYPE and c.RDB$FIELD_NAME = 'RDB$FIELD_TYPE') WHERE a.RDB$RELATION_NAME = 'TBPESSOA' ORDER BY a.RDB$RELATION_NAME, a.RDB$FIELD_POSITION
2006-04-04 20:01:18 cat: Execute, proto: firebird-1.5, msg:  SELECT a.RDB$RELATION_NAME, a.RDB$FIELD_NAME, a.RDB$FIELD_POSITION, a.RDB$NULL_FLAG, a.RDB$DEFAULT_VALUE, b. RDB$FIELD_LENGTH, b.RDB$FIELD_SCALE, c.RDB$TYPE_NAME, b.RDB$FIELD_TYPE, b.RDB$FIELD_SUB_TYPE, b.RDB$DESCRIPTION, b.RDB$CHARACTER_LENGTH, b.RDB$FIELD_PRECISION, a.RDB$DEFAULT_SOURCE, b.RDB$DEFAULT_SOURCE as RDB$DEFAULT_SOURCE_DOMAIN FROM RDB$RELATION_FIELDS a JOIN RDB$FIELDS b ON (b.RDB$FIELD_NAME = a.RDB$FIELD_SOURCE) LEFT JOIN RDB$TYPES c ON (b.RDB$FIELD_TYPE = c.RDB$TYPE and c.RDB$FIELD_NAME = 'RDB$FIELD_TYPE') WHERE a.RDB$RELATION_NAME = 'TBCLIENTE' ORDER BY a.RDB$RELATION_NAME, a.RDB$FIELD_POSITION
2006-04-04 20:01:18 cat: Execute, proto: firebird-1.5, msg:  SELECT a.RDB$RELATION_NAME, a.RDB$FIELD_NAME, a.RDB$FIELD_POSITION, a.RDB$NULL_FLAG, a.RDB$DEFAULT_VALUE, b. RDB$FIELD_LENGTH, b.RDB$FIELD_SCALE, c.RDB$TYPE_NAME, b.RDB$FIELD_TYPE, b.RDB$FIELD_SUB_TYPE, b.RDB$DESCRIPTION, b.RDB$CHARACTER_LENGTH, b.RDB$FIELD_PRECISION, a.RDB$DEFAULT_SOURCE, b.RDB$DEFAULT_SOURCE as RDB$DEFAULT_SOURCE_DOMAIN FROM RDB$RELATION_FIELDS a JOIN RDB$FIELDS b ON (b.RDB$FIELD_NAME = a.RDB$FIELD_SOURCE) LEFT JOIN RDB$TYPES c ON (b.RDB$FIELD_TYPE = c.RDB$TYPE and c.RDB$FIELD_NAME = 'RDB$FIELD_TYPE') WHERE a.RDB$RELATION_NAME = 'TBCIDADE' ORDER BY a.RDB$RELATION_NAME, a.RDB$FIELD_POSITION
2006-04-04 20:01:18 cat: Execute, proto: firebird-1.5, msg: SELECT * FROM TBCAIXA WHERE CODCAIXA=?
2006-04-04 20:01:18 cat: Execute, proto: firebird-1.5, msg:  SELECT a.RDB$RELATION_NAME, a.RDB$FIELD_NAME, a.RDB$FIELD_POSITION, a.RDB$NULL_FLAG, a.RDB$DEFAULT_VALUE, b. RDB$FIELD_LENGTH, b.RDB$FIELD_SCALE, c.RDB$TYPE_NAME, b.RDB$FIELD_TYPE, b.RDB$FIELD_SUB_TYPE, b.RDB$DESCRIPTION, b.RDB$CHARACTER_LENGTH, b.RDB$FIELD_PRECISION, a.RDB$DEFAULT_SOURCE, b.RDB$DEFAULT_SOURCE as RDB$DEFAULT_SOURCE_DOMAIN FROM RDB$RELATION_FIELDS a JOIN RDB$FIELDS b ON (b.RDB$FIELD_NAME = a.RDB$FIELD_SOURCE) LEFT JOIN RDB$TYPES c ON (b.RDB$FIELD_TYPE = c.RDB$TYPE and c.RDB$FIELD_NAME = 'RDB$FIELD_TYPE') WHERE a.RDB$RELATION_NAME = 'TBCAIXA' ORDER BY a.RDB$RELATION_NAME, a.RDB$FIELD_POSITION
2006-04-04 20:01:18 cat: Execute, proto: firebird-1.5, msg: SELECT
    FL.CODFILME AS FL_CODFILME, FL.NOME AS FL_NOME, FT.SUBCOD AS FT_SUBCOD, FT.BARCODE AS FT_BARCODE,
    FL.AUTOR AS FL_AUTOR, FT.DISPONIVEL AS FT_DISPONIVEL, FL.QUANTIDADE AS FL_QUANTIDADE, P.NOME AS P_NOME,
    PR.VALOR AS PR_VALOR, FL.VALORCOMPRA AS FL_VALORCOMPRA
FROM TBFILME FL, TBFITA FT, TBCLIENTE C, TBPRECO PR, TBPESSOA P
WHERE FL.CODFILME=FT.CODFILME AND C.CODCLIENTE=FL.CODFORNECEDOR AND PR.CODPRECO=FL.CODPRECO AND C.CODPESSOA=P.CODPESSOA
AND FT.DISPONIVEL='Sim'

2006-04-04 20:01:18 cat: Execute, proto: firebird-1.5, msg:  SELECT a.RDB$RELATION_NAME, a.RDB$FIELD_NAME, a.RDB$FIELD_POSITION, a.RDB$NULL_FLAG, a.RDB$DEFAULT_VALUE, b. RDB$FIELD_LENGTH, b.RDB$FIELD_SCALE, c.RDB$TYPE_NAME, b.RDB$FIELD_TYPE, b.RDB$FIELD_SUB_TYPE, b.RDB$DESCRIPTION, b.RDB$CHARACTER_LENGTH, b.RDB$FIELD_PRECISION, a.RDB$DEFAULT_SOURCE, b.RDB$DEFAULT_SOURCE as RDB$DEFAULT_SOURCE_DOMAIN FROM RDB$RELATION_FIELDS a JOIN RDB$FIELDS b ON (b.RDB$FIELD_NAME = a.RDB$FIELD_SOURCE) LEFT JOIN RDB$TYPES c ON (b.RDB$FIELD_TYPE = c.RDB$TYPE and c.RDB$FIELD_NAME = 'RDB$FIELD_TYPE') WHERE a.RDB$RELATION_NAME = 'TBFILME' ORDER BY a.RDB$RELATION_NAME, a.RDB$FIELD_POSITION
2006-04-04 20:01:18 cat: Execute, proto: firebird-1.5, msg:  SELECT a.RDB$RELATION_NAME, a.RDB$FIELD_NAME, a.RDB$FIELD_POSITION, a.RDB$NULL_FLAG, a.RDB$DEFAULT_VALUE, b. RDB$FIELD_LENGTH, b.RDB$FIELD_SCALE, c.RDB$TYPE_NAME, b.RDB$FIELD_TYPE, b.RDB$FIELD_SUB_TYPE, b.RDB$DESCRIPTION, b.RDB$CHARACTER_LENGTH, b.RDB$FIELD_PRECISION, a.RDB$DEFAULT_SOURCE, b.RDB$DEFAULT_SOURCE as RDB$DEFAULT_SOURCE_DOMAIN FROM RDB$RELATION_FIELDS a JOIN RDB$FIELDS b ON (b.RDB$FIELD_NAME = a.RDB$FIELD_SOURCE) LEFT JOIN RDB$TYPES c ON (b.RDB$FIELD_TYPE = c.RDB$TYPE and c.RDB$FIELD_NAME = 'RDB$FIELD_TYPE') WHERE a.RDB$RELATION_NAME = 'TBFITA' ORDER BY a.RDB$RELATION_NAME, a.RDB$FIELD_POSITION
2006-04-04 20:01:18 cat: Execute, proto: firebird-1.5, msg:  SELECT a.RDB$RELATION_NAME, a.RDB$FIELD_NAME, a.RDB$FIELD_POSITION, a.RDB$NULL_FLAG, a.RDB$DEFAULT_VALUE, b. RDB$FIELD_LENGTH, b.RDB$FIELD_SCALE, c.RDB$TYPE_NAME, b.RDB$FIELD_TYPE, b.RDB$FIELD_SUB_TYPE, b.RDB$DESCRIPTION, b.RDB$CHARACTER_LENGTH, b.RDB$FIELD_PRECISION, a.RDB$DEFAULT_SOURCE, b.RDB$DEFAULT_SOURCE as RDB$DEFAULT_SOURCE_DOMAIN FROM RDB$RELATION_FIELDS a JOIN RDB$FIELDS b ON (b.RDB$FIELD_NAME = a.RDB$FIELD_SOURCE) LEFT JOIN RDB$TYPES c ON (b.RDB$FIELD_TYPE = c.RDB$TYPE and c.RDB$FIELD_NAME = 'RDB$FIELD_TYPE') WHERE a.RDB$RELATION_NAME = 'TBPRECO' ORDER BY a.RDB$RELATION_NAME, a.RDB$FIELD_POSITION
